Traceback (most recent call last):
  File "C:\ProgramData\anaconda3\Lib\site-packages\jupyter_cache\executors\utils.py", line 58, in single_nb_execution
    executenb(
  File "C:\ProgramData\anaconda3\Lib\site-packages\nbclient\client.py", line 1305, in execute
    return NotebookClient(nb=nb, resources=resources, km=km, **kwargs).execute()
           ^^^^^^^^^^^^^^^^^^^^^^^^^^^^^^^^^^^^^^^^^^^^^^^^^^^^^^^^^^^^^^^^^^^^^
  File "C:\ProgramData\anaconda3\Lib\site-packages\jupyter_core\utils\__init__.py", line 165, in wrapped
    return loop.run_until_complete(inner)
           ^^^^^^^^^^^^^^^^^^^^^^^^^^^^^^
  File "C:\ProgramData\anaconda3\Lib\asyncio\base_events.py", line 687, in run_until_complete
    return future.result()
           ^^^^^^^^^^^^^^^
  File "C:\ProgramData\anaconda3\Lib\site-packages\nbclient\client.py", line 705, in async_execute
    await self.async_execute_cell(
  File "C:\ProgramData\anaconda3\Lib\site-packages\nbclient\client.py", line 1058, in async_execute_cell
    await self._check_raise_for_error(cell, cell_index, exec_reply)
  File "C:\ProgramData\anaconda3\Lib\site-packages\nbclient\client.py", line 914, in _check_raise_for_error
    raise CellExecutionError.from_cell_and_msg(cell, exec_reply_content)
nbclient.exceptions.CellExecutionError: An error occurred while executing the following cell:
------------------
lista = [1,2,3,4]   #create list a with 4 elements
listb = [3,4,5,6]   #create list b with 4 elements
print(2+lista)   #print 2 plus list a
print(2*lista)   #print 2 times list a
print(lista+listb)   #print list a plus list b
print(lista*listb)   #print list a times list b
------------------


[1;31m---------------------------------------------------------------------------[0m
[1;31mTypeError[0m                                 Traceback (most recent call last)
Cell [1;32mIn[32], line 3[0m
[0;32m      1[0m lista [38;5;241m=[39m [[38;5;241m1[39m,[38;5;241m2[39m,[38;5;241m3[39m,[38;5;241m4[39m]   [38;5;66;03m#create list a with 4 elements[39;00m
[0;32m      2[0m listb [38;5;241m=[39m [[38;5;241m3[39m,[38;5;241m4[39m,[38;5;241m5[39m,[38;5;241m6[39m]   [38;5;66;03m#create list b with 4 elements[39;00m
[1;32m----> 3[0m [38;5;28mprint[39m([38;5;241m2[39m[38;5;241m+[39mlista)   [38;5;66;03m#print 2 plus list a[39;00m
[0;32m      4[0m [38;5;28mprint[39m([38;5;241m2[39m[38;5;241m*[39mlista)   [38;5;66;03m#print 2 times list a[39;00m
[0;32m      5[0m [38;5;28mprint[39m(lista[38;5;241m+[39mlistb)   [38;5;66;03m#print list a plus list b[39;00m

[1;31mTypeError[0m: unsupported operand type(s) for +: 'int' and 'list'

